============================= test session starts ==============================
platform darwin -- Python 3.8.6, pytest-7.1.2, pluggy-1.0.0
rootdir: /Users/kxue/temp/github-actions-tests/sam-for-build
plugins: cov-3.0.0
collected 2 items

tests/test_mod1.py .F                                                    [100%]

=================================== FAILURES ===================================
_______________________________ test_add_unhappy _______________________________

    def test_add_unhappy() -> None:
>       assert add(1, 2) == 4
E       assert 3 == 4
E        +  where 3 = add(1, 2)

tests/test_mod1.py:9: AssertionError

---------- coverage: platform darwin, python 3.8.6-final-0 -----------
Coverage HTML written to dir cov_html

=========================== short test summary info ============================
FAILED tests/test_mod1.py::test_add_unhappy - assert 3 == 4
========================= 1 failed, 1 passed in 0.08s ==========================
